2026-03-06 15:07:45 | INFO     | MSSP | Log file: ./results/step_b_mock/step_b_mssp.log
2026-03-06 15:07:45 | INFO     | MSSP.validation | MSSP Step B Validation
2026-03-06 15:07:45 | INFO     | MSSP.validation | Args: {'mock': True, 'data_dir': None, 'model_path': '', 'num_samples': 8, 'output_dir': './results/step_b_mock', 'device': 'cpu', 'batch_size': 2, 'image_size': 256, 'seed': 42, 'skip_tests': ''}
2026-03-06 15:07:45 | INFO     | MSSP.validation | Loading mock data...
2026-03-06 15:07:45 | INFO     | MSSP.validation | Mock mode: generating 8 random images per category
2026-03-06 15:07:45 | INFO     | MSSP.validation | Data loaded: 4 categories, {'Real': 8, 'ProGAN': 8, 'SD_v1.5': 8, 'Wukong': 8}
2026-03-06 15:07:45 | INFO     | MSSP.validation | Initialising MSSPBackbone (mock=True)...
2026-03-06 15:07:45 | INFO     | MSSP.validation | Feature extractor: dim=185
2026-03-06 15:07:45 | INFO     | MSSP.validation | Extracting 185D MSSP features...
2026-03-06 15:07:45 | INFO     | MSSP.validation | Extracting features for 'ProGAN' (8 images)...
2026-03-06 15:08:40 | INFO     | MSSP | Log file: ./results/step_b_mock/step_b_mssp.log
2026-03-06 15:08:40 | INFO     | MSSP.validation | MSSP Step B Validation
2026-03-06 15:08:40 | INFO     | MSSP.validation | Args: {'mock': True, 'data_dir': None, 'model_path': '', 'num_samples': 8, 'output_dir': './results/step_b_mock', 'device': 'cpu', 'batch_size': 2, 'image_size': 256, 'seed': 42, 'skip_tests': ''}
2026-03-06 15:08:40 | INFO     | MSSP.validation | Loading mock data...
2026-03-06 15:08:40 | INFO     | MSSP.validation | Mock mode: generating 8 random images per category
2026-03-06 15:08:40 | INFO     | MSSP.validation | Data loaded: 4 categories, {'Real': 8, 'ProGAN': 8, 'SD_v1.5': 8, 'Wukong': 8}
2026-03-06 15:08:40 | INFO     | MSSP.validation | Initialising MSSPBackbone (mock=True)...
2026-03-06 15:08:40 | INFO     | MSSP.validation | Feature extractor: dim=185
2026-03-06 15:08:40 | INFO     | MSSP.validation | Extracting 185D MSSP features...
2026-03-06 15:08:40 | INFO     | MSSP.validation | Extracting features for 'ProGAN' (8 images)...
2026-03-06 15:08:42 | INFO     | MSSP.validation |   Done: 8 images in 2.4s (3.34 img/s)
2026-03-06 15:08:42 | INFO     | MSSP.validation | Extracting features for 'Real' (8 images)...
2026-03-06 15:08:45 | INFO     | MSSP.validation |   Done: 8 images in 2.7s (2.97 img/s)
2026-03-06 15:08:45 | INFO     | MSSP.validation | Extracting features for 'SD_v1.5' (8 images)...
2026-03-06 15:08:48 | INFO     | MSSP.validation |   Done: 8 images in 3.2s (2.51 img/s)
2026-03-06 15:08:48 | INFO     | MSSP.validation | Extracting features for 'Wukong' (8 images)...
2026-03-06 15:08:55 | INFO     | MSSP.validation |   Done: 8 images in 6.7s (1.19 img/s)
2026-03-06 15:08:55 | INFO     | MSSP.validation | Features cached: ./results/step_b_mock/mssp_features.npz (shape=(32, 185))
2026-03-06 15:08:55 | INFO     | MSSP.validation | Extracting raw residuals for PSD analysis...
2026-03-06 15:08:55 | INFO     | MSSP.validation | Extracting residuals for 'Real' (8 images)...
2026-03-06 15:08:55 | INFO     | MSSP.validation | Extracting residuals for 'ProGAN' (8 images)...
2026-03-06 15:08:55 | INFO     | MSSP.validation | Extracting residuals for 'SD_v1.5' (8 images)...
2026-03-06 15:08:55 | INFO     | MSSP.validation | Extracting residuals for 'Wukong' (8 images)...
2026-03-06 15:08:56 | INFO     | MSSP.validation | === Test 1: GAN High-Frequency PSD (t=200) ===
2026-03-06 15:08:56 | INFO     | MSSP.validation |   Real: mean high-freq power = 11.6092 ± 0.0027
2026-03-06 15:08:56 | INFO     | MSSP.validation |   ProGAN: mean high-freq power = 11.6080 ± 0.0015
2026-03-06 15:08:56 | INFO     | MSSP.validation |   SD_v1.5: mean high-freq power = 11.6079 ± 0.0027
2026-03-06 15:08:56 | INFO     | MSSP.validation |   Wukong: mean high-freq power = 11.6070 ± 0.0029
2026-03-06 15:08:56 | INFO     | MSSP.validation |   ProGAN/Real high-freq ratio = 1.000 (threshold > 2.0) → FAIL
2026-03-06 15:11:08 | INFO     | MSSP | Log file: ./results/step_b_mock/step_b_mssp.log
2026-03-06 15:11:08 | INFO     | MSSP.validation | MSSP Step B Validation
2026-03-06 15:11:08 | INFO     | MSSP.validation | Args: {'mock': True, 'data_dir': None, 'model_path': '', 'num_samples': 8, 'output_dir': './results/step_b_mock', 'device': 'cpu', 'batch_size': 2, 'image_size': 256, 'seed': 42, 'skip_tests': ''}
2026-03-06 15:11:08 | INFO     | MSSP.validation | Loading mock data...
2026-03-06 15:11:08 | INFO     | MSSP.validation | Mock mode: generating 8 random images per category
2026-03-06 15:11:08 | INFO     | MSSP.validation | Data loaded: 4 categories, {'Real': 8, 'ProGAN': 8, 'SD_v1.5': 8, 'Wukong': 8}
2026-03-06 15:11:08 | INFO     | MSSP.validation | Initialising MSSPBackbone (mock=True)...
2026-03-06 15:11:08 | INFO     | MSSP.validation | Feature extractor: dim=185
2026-03-06 15:11:08 | INFO     | MSSP.validation | Extracting 185D MSSP features...
2026-03-06 15:11:08 | INFO     | MSSP.validation | Extracting features for 'ProGAN' (8 images)...
2026-03-06 15:11:10 | INFO     | MSSP.validation |   Done: 8 images in 2.1s (3.81 img/s)
2026-03-06 15:11:10 | INFO     | MSSP.validation | Extracting features for 'Real' (8 images)...
2026-03-06 15:11:14 | INFO     | MSSP.validation |   Done: 8 images in 3.5s (2.27 img/s)
2026-03-06 15:11:14 | INFO     | MSSP.validation | Extracting features for 'SD_v1.5' (8 images)...
2026-03-06 15:11:33 | INFO     | MSSP.validation |   Done: 8 images in 19.3s (0.42 img/s)
2026-03-06 15:11:33 | INFO     | MSSP.validation | Extracting features for 'Wukong' (8 images)...
2026-03-06 15:11:41 | INFO     | MSSP.validation |   Done: 8 images in 7.9s (1.01 img/s)
2026-03-06 15:11:41 | INFO     | MSSP.validation | Features cached: ./results/step_b_mock/mssp_features.npz (shape=(32, 185))
2026-03-06 15:11:41 | INFO     | MSSP.validation | Extracting raw residuals for PSD analysis...
2026-03-06 15:11:41 | INFO     | MSSP.validation | Extracting residuals for 'Real' (8 images)...
2026-03-06 15:11:41 | INFO     | MSSP.validation | Extracting residuals for 'ProGAN' (8 images)...
2026-03-06 15:11:42 | INFO     | MSSP.validation | Extracting residuals for 'SD_v1.5' (8 images)...
2026-03-06 15:11:42 | INFO     | MSSP.validation | Extracting residuals for 'Wukong' (8 images)...
2026-03-06 15:11:43 | INFO     | MSSP.validation | === Test 1: GAN High-Frequency PSD (t=200) ===
2026-03-06 15:11:43 | INFO     | MSSP.validation |   Real: mean high-freq power = 11.6078 ± 0.0024
2026-03-06 15:11:43 | INFO     | MSSP.validation |   ProGAN: mean high-freq power = 11.6081 ± 0.0041
2026-03-06 15:11:43 | INFO     | MSSP.validation |   SD_v1.5: mean high-freq power = 11.6079 ± 0.0013
2026-03-06 15:11:43 | INFO     | MSSP.validation |   Wukong: mean high-freq power = 11.6088 ± 0.0028
2026-03-06 15:11:43 | INFO     | MSSP.validation |   ProGAN/Real high-freq ratio = 1.000 (threshold > 2.0) → FAIL
2026-03-06 15:11:43 | INFO     | MSSP.validation |   Saved: ./results/step_b_mock/test1_gan_hf_psd.png
2026-03-06 15:11:44 | INFO     | MSSP.validation | === Test 2: SD VAE 8px Artifact (t=400, t=600) ===
2026-03-06 15:11:44 | INFO     | MSSP.validation |   VAE artifact band: f ∈ [0.1250, 0.1875] (band index 2/8)
2026-03-06 15:11:44 | INFO     | MSSP.validation |   t=400: SD mean=11.7295, Real mean=11.7274, z-score=0.291 (threshold > 2.0) → FAIL
2026-03-06 15:11:44 | INFO     | MSSP.validation |   t=600: SD mean=11.7851, Real mean=11.7850, z-score=0.001 (threshold > 2.0) → FAIL
2026-03-06 15:11:44 | INFO     | MSSP.validation |   Saved: ./results/step_b_mock/test2_vae_artifact.png
2026-03-06 15:11:44 | INFO     | MSSP.validation | === Test 3: k-NN Classification (k=5, 5-fold CV) ===
2026-03-06 15:11:44 | INFO     | MSSP.validation |   Fold 1/5: accuracy = 28.6%
2026-03-06 15:11:44 | INFO     | MSSP.validation |   Fold 2/5: accuracy = 0.0%
2026-03-06 15:11:45 | INFO     | MSSP.validation |   Fold 3/5: accuracy = 0.0%
2026-03-06 15:11:45 | INFO     | MSSP.validation |   Fold 4/5: accuracy = 16.7%
2026-03-06 15:11:45 | INFO     | MSSP.validation |   Fold 5/5: accuracy = 16.7%
2026-03-06 15:11:45 | INFO     | MSSP.validation |   Overall: 12.4% ± 11.0% (threshold ≥ 84%) → FAIL
2026-03-06 15:11:45 | INFO     | MSSP.validation |   DRIFT baseline (step_a Test5): 84.0% ± 3.6%
2026-03-06 15:11:45 | INFO     | MSSP.validation |   Saved: ./results/step_b_mock/test3_knn_accuracy.png
2026-03-06 15:11:45 | INFO     | MSSP.validation | === Test 4: Multi-Scale PSD Visualization ===
2026-03-06 15:11:49 | INFO     | MSSP.validation |   Saved: ./results/step_b_mock/test4_multiscale_psd.png
2026-03-06 15:13:17 | INFO     | MSSP | Log file: ./results/step_b_mock/step_b_mssp.log
2026-03-06 15:13:17 | INFO     | MSSP.validation | MSSP Step B Validation
2026-03-06 15:13:17 | INFO     | MSSP.validation | Args: {'mock': True, 'data_dir': None, 'model_path': '', 'num_samples': 8, 'output_dir': './results/step_b_mock', 'device': 'cpu', 'batch_size': 2, 'image_size': 256, 'seed': 42, 'skip_tests': ''}
2026-03-06 15:13:17 | INFO     | MSSP.validation | Loading mock data...
2026-03-06 15:13:17 | INFO     | MSSP.validation | Mock mode: generating 8 random images per category
2026-03-06 15:13:17 | INFO     | MSSP.validation | Data loaded: 4 categories, {'Real': 8, 'ProGAN': 8, 'SD_v1.5': 8, 'Wukong': 8}
2026-03-06 15:13:17 | INFO     | MSSP.validation | Initialising MSSPBackbone (mock=True)...
2026-03-06 15:13:17 | INFO     | MSSP.validation | Feature extractor: dim=185
2026-03-06 15:13:17 | INFO     | MSSP.validation | Extracting 185D MSSP features...
2026-03-06 15:13:17 | INFO     | MSSP.validation | Extracting features for 'ProGAN' (8 images)...
2026-03-06 15:13:22 | INFO     | MSSP.validation |   Done: 8 images in 5.1s (1.57 img/s)
2026-03-06 15:13:22 | INFO     | MSSP.validation | Extracting features for 'Real' (8 images)...
2026-03-06 15:13:27 | INFO     | MSSP.validation |   Done: 8 images in 5.0s (1.59 img/s)
2026-03-06 15:13:27 | INFO     | MSSP.validation | Extracting features for 'SD_v1.5' (8 images)...
2026-03-06 15:13:32 | INFO     | MSSP.validation |   Done: 8 images in 4.9s (1.62 img/s)
2026-03-06 15:13:32 | INFO     | MSSP.validation | Extracting features for 'Wukong' (8 images)...
2026-03-06 15:13:37 | INFO     | MSSP.validation |   Done: 8 images in 4.7s (1.72 img/s)
2026-03-06 15:13:37 | INFO     | MSSP.validation | Features cached: ./results/step_b_mock/mssp_features.npz (shape=(32, 185))
2026-03-06 15:13:37 | INFO     | MSSP.validation | Extracting raw residuals for PSD analysis...
2026-03-06 15:13:37 | INFO     | MSSP.validation | Extracting residuals for 'Real' (8 images)...
2026-03-06 15:13:37 | INFO     | MSSP.validation | Extracting residuals for 'ProGAN' (8 images)...
2026-03-06 15:13:37 | INFO     | MSSP.validation | Extracting residuals for 'SD_v1.5' (8 images)...
2026-03-06 15:13:38 | INFO     | MSSP.validation | Extracting residuals for 'Wukong' (8 images)...
2026-03-06 15:13:38 | INFO     | MSSP.validation | === Test 1: GAN High-Frequency PSD (t=200) ===
2026-03-06 15:13:38 | INFO     | MSSP.validation |   Real: mean high-freq power = 11.6086 ± 0.0026
2026-03-06 15:13:38 | INFO     | MSSP.validation |   ProGAN: mean high-freq power = 11.6098 ± 0.0024
2026-03-06 15:13:38 | INFO     | MSSP.validation |   SD_v1.5: mean high-freq power = 11.6090 ± 0.0028
2026-03-06 15:13:38 | INFO     | MSSP.validation |   Wukong: mean high-freq power = 11.6086 ± 0.0019
2026-03-06 15:13:38 | INFO     | MSSP.validation |   ProGAN/Real high-freq ratio = 1.000 (threshold > 2.0) → FAIL
2026-03-06 15:13:39 | INFO     | MSSP.validation |   Saved: ./results/step_b_mock/test1_gan_hf_psd.png
2026-03-06 15:13:39 | INFO     | MSSP.validation | === Test 2: SD VAE 8px Artifact (t=400, t=600) ===
2026-03-06 15:13:39 | INFO     | MSSP.validation |   VAE artifact band: f ∈ [0.1250, 0.1875] (band index 2/8)
2026-03-06 15:13:39 | INFO     | MSSP.validation |   t=400: SD mean=11.7271, Real mean=11.7277, z-score=-0.114 (threshold > 2.0) → FAIL
2026-03-06 15:13:39 | INFO     | MSSP.validation |   t=600: SD mean=11.7841, Real mean=11.7842, z-score=-0.001 (threshold > 2.0) → FAIL
2026-03-06 15:13:39 | INFO     | MSSP.validation |   Saved: ./results/step_b_mock/test2_vae_artifact.png
2026-03-06 15:13:40 | INFO     | MSSP.validation | === Test 3: k-NN Classification (k=5, 5-fold CV) ===
2026-03-06 15:13:40 | INFO     | MSSP.validation |   Fold 1/5: accuracy = 14.3%
2026-03-06 15:13:40 | INFO     | MSSP.validation |   Fold 2/5: accuracy = 0.0%
2026-03-06 15:13:40 | INFO     | MSSP.validation |   Fold 3/5: accuracy = 0.0%
2026-03-06 15:13:40 | INFO     | MSSP.validation |   Fold 4/5: accuracy = 0.0%
2026-03-06 15:13:40 | INFO     | MSSP.validation |   Fold 5/5: accuracy = 0.0%
2026-03-06 15:13:40 | INFO     | MSSP.validation |   Overall: 2.9% ± 5.7% (threshold ≥ 84%) → FAIL
2026-03-06 15:13:40 | INFO     | MSSP.validation |   DRIFT baseline (step_a Test5): 84.0% ± 3.6%
2026-03-06 15:13:40 | INFO     | MSSP.validation |   Saved: ./results/step_b_mock/test3_knn_accuracy.png
2026-03-06 15:13:40 | INFO     | MSSP.validation | === Test 4: Multi-Scale PSD Visualization ===
2026-03-06 15:13:44 | INFO     | MSSP.validation |   Saved: ./results/step_b_mock/test4_multiscale_psd.png
2026-03-06 15:15:31 | INFO     | MSSP | Log file: ./results/step_b_mock/step_b_mssp.log
2026-03-06 15:15:31 | INFO     | MSSP.validation | MSSP Step B Validation
2026-03-06 15:15:31 | INFO     | MSSP.validation | Args: {'mock': True, 'data_dir': None, 'model_path': '', 'num_samples': 8, 'output_dir': './results/step_b_mock', 'device': 'cpu', 'batch_size': 2, 'image_size': 256, 'seed': 42, 'skip_tests': '1,2,3,4'}
2026-03-06 15:15:31 | INFO     | MSSP.validation | Loading mock data...
2026-03-06 15:15:31 | INFO     | MSSP.validation | Mock mode: generating 8 random images per category
2026-03-06 15:15:31 | INFO     | MSSP.validation | Data loaded: 4 categories, {'Real': 8, 'ProGAN': 8, 'SD_v1.5': 8, 'Wukong': 8}
2026-03-06 15:15:31 | INFO     | MSSP.validation | Initialising MSSPBackbone (mock=True)...
2026-03-06 15:15:31 | INFO     | MSSP.validation | Feature extractor: dim=185
2026-03-06 15:15:31 | INFO     | MSSP.validation | Extracting 185D MSSP features...
2026-03-06 15:15:31 | INFO     | MSSP.validation | Extracting features for 'ProGAN' (8 images)...
2026-03-06 15:15:35 | INFO     | MSSP.validation |   Done: 8 images in 4.7s (1.69 img/s)
2026-03-06 15:15:35 | INFO     | MSSP.validation | Extracting features for 'Real' (8 images)...
2026-03-06 15:15:40 | INFO     | MSSP.validation |   Done: 8 images in 4.9s (1.62 img/s)
2026-03-06 15:15:40 | INFO     | MSSP.validation | Extracting features for 'SD_v1.5' (8 images)...
2026-03-06 15:15:45 | INFO     | MSSP.validation |   Done: 8 images in 4.6s (1.75 img/s)
2026-03-06 15:15:45 | INFO     | MSSP.validation | Extracting features for 'Wukong' (8 images)...
2026-03-06 15:15:49 | INFO     | MSSP.validation |   Done: 8 images in 4.5s (1.77 img/s)
2026-03-06 15:15:49 | INFO     | MSSP.validation | Features cached: ./results/step_b_mock/mssp_features.npz (shape=(32, 185))
2026-03-06 15:15:49 | INFO     | MSSP.validation | Extracting raw residuals for PSD analysis...
2026-03-06 15:15:49 | INFO     | MSSP.validation | Extracting residuals for 'Real' (8 images)...
2026-03-06 15:15:50 | INFO     | MSSP.validation | Extracting residuals for 'ProGAN' (8 images)...
2026-03-06 15:15:50 | INFO     | MSSP.validation | Extracting residuals for 'SD_v1.5' (8 images)...
2026-03-06 15:15:50 | INFO     | MSSP.validation | Extracting residuals for 'Wukong' (8 images)...
2026-03-06 15:16:15 | INFO     | MSSP | Log file: ./results/step_b_mock/step_b_mssp.log
2026-03-06 15:16:15 | INFO     | MSSP.validation | MSSP Step B Validation
2026-03-06 15:16:15 | INFO     | MSSP.validation | Args: {'mock': True, 'data_dir': None, 'model_path': '', 'num_samples': 8, 'output_dir': './results/step_b_mock', 'device': 'cpu', 'batch_size': 2, 'image_size': 256, 'seed': 42, 'skip_tests': '1,2,3,4'}
2026-03-06 15:16:15 | INFO     | MSSP.validation | Loading mock data...
2026-03-06 15:16:15 | INFO     | MSSP.validation | Mock mode: generating 8 random images per category
2026-03-06 15:16:15 | INFO     | MSSP.validation | Data loaded: 4 categories, {'Real': 8, 'ProGAN': 8, 'SD_v1.5': 8, 'Wukong': 8}
2026-03-06 15:16:15 | INFO     | MSSP.validation | Initialising MSSPBackbone (mock=True)...
2026-03-06 15:16:15 | INFO     | MSSP.validation | Feature extractor: dim=185
2026-03-06 15:16:15 | INFO     | MSSP.validation | Extracting 185D MSSP features...
2026-03-06 15:16:15 | INFO     | MSSP.validation | Extracting features for 'ProGAN' (8 images)...
2026-03-06 15:16:20 | INFO     | MSSP.validation |   Done: 8 images in 4.9s (1.64 img/s)
2026-03-06 15:16:20 | INFO     | MSSP.validation | Extracting features for 'Real' (8 images)...
2026-03-06 15:16:25 | INFO     | MSSP.validation |   Done: 8 images in 5.0s (1.59 img/s)
2026-03-06 15:16:25 | INFO     | MSSP.validation | Extracting features for 'SD_v1.5' (8 images)...
2026-03-06 15:16:29 | INFO     | MSSP.validation |   Done: 8 images in 4.6s (1.74 img/s)
2026-03-06 15:16:29 | INFO     | MSSP.validation | Extracting features for 'Wukong' (8 images)...
2026-03-06 15:16:34 | INFO     | MSSP.validation |   Done: 8 images in 4.8s (1.66 img/s)
2026-03-06 15:16:34 | INFO     | MSSP.validation | Features cached: ./results/step_b_mock/mssp_features.npz (shape=(32, 185))
2026-03-06 15:16:34 | INFO     | MSSP.validation | Extracting raw residuals for PSD analysis...
2026-03-06 15:16:34 | INFO     | MSSP.validation | Extracting residuals for 'Real' (8 images)...
2026-03-06 15:16:35 | INFO     | MSSP.validation | Extracting residuals for 'ProGAN' (8 images)...
2026-03-06 15:16:35 | INFO     | MSSP.validation | Extracting residuals for 'SD_v1.5' (8 images)...
2026-03-06 15:16:36 | INFO     | MSSP.validation | Extracting residuals for 'Wukong' (8 images)...
2026-03-06 15:29:33 | INFO     | MSSP | Log file: ./results/step_b_mock/step_b_mssp.log
2026-03-06 15:29:33 | INFO     | MSSP.validation | MSSP Step B Validation
2026-03-06 15:29:33 | INFO     | MSSP.validation | Args: {'mock': True, 'data_dir': None, 'model_path': '', 'num_samples': 8, 'output_dir': './results/step_b_mock', 'device': 'cpu', 'batch_size': 2, 'image_size': 256, 'seed': 42, 'skip_tests': '1,2,3,4'}
2026-03-06 15:29:33 | INFO     | MSSP.validation | Loading mock data...
2026-03-06 15:29:33 | INFO     | MSSP.validation | Mock mode: generating 8 random images per category
2026-03-06 15:29:33 | INFO     | MSSP.validation | Data loaded: 4 categories, {'Real': 8, 'ProGAN': 8, 'SD_v1.5': 8, 'Wukong': 8}
2026-03-06 15:29:33 | INFO     | MSSP.validation | Initialising MSSPBackbone (mock=True)...
2026-03-06 15:29:33 | INFO     | MSSP.validation | Feature extractor: dim=185
2026-03-06 15:29:33 | INFO     | MSSP.validation | Extracting 185D MSSP features...
2026-03-06 15:29:33 | INFO     | MSSP.validation | Extracting features for 'ProGAN' (8 images)...
2026-03-06 15:29:34 | INFO     | MSSP.validation |   Done: 8 images in 1.6s (5.15 img/s)
2026-03-06 15:29:34 | INFO     | MSSP.validation | Extracting features for 'Real' (8 images)...
2026-03-06 15:29:36 | INFO     | MSSP.validation |   Done: 8 images in 1.6s (5.03 img/s)
2026-03-06 15:29:36 | INFO     | MSSP.validation | Extracting features for 'SD_v1.5' (8 images)...
2026-03-06 15:29:38 | INFO     | MSSP.validation |   Done: 8 images in 1.7s (4.71 img/s)
2026-03-06 15:29:38 | INFO     | MSSP.validation | Extracting features for 'Wukong' (8 images)...
2026-03-06 15:29:39 | INFO     | MSSP.validation |   Done: 8 images in 1.6s (5.01 img/s)
2026-03-06 15:29:39 | INFO     | MSSP.validation | Features cached: ./results/step_b_mock/mssp_features.npz (shape=(32, 185))
2026-03-06 15:29:39 | INFO     | MSSP.validation | Extracting raw residuals for PSD analysis...
2026-03-06 15:29:39 | INFO     | MSSP.validation | Extracting residuals for 'Real' (8 images)...
2026-03-06 15:29:39 | INFO     | MSSP.validation | Extracting residuals for 'ProGAN' (8 images)...
2026-03-06 15:29:40 | INFO     | MSSP.validation | Extracting residuals for 'SD_v1.5' (8 images)...
2026-03-06 15:29:40 | INFO     | MSSP.validation | Extracting residuals for 'Wukong' (8 images)...
2026-03-06 15:29:40 | INFO     | MSSP.validation | Report saved: ./results/step_b_mock/step_b_report.txt
2026-03-06 15:29:40 | INFO     | MSSP.validation | JSON results: ./results/step_b_mock/step_b_results.json
2026-03-06 15:29:40 | INFO     | MSSP.validation | Total time: 7.3s
2026-03-06 15:30:14 | INFO     | MSSP | Log file: ./results/step_b_mock/step_b_mssp.log
2026-03-06 15:30:14 | INFO     | MSSP.validation | MSSP Step B Validation
2026-03-06 15:30:14 | INFO     | MSSP.validation | Args: {'mock': True, 'data_dir': None, 'model_path': '', 'num_samples': 8, 'output_dir': './results/step_b_mock', 'device': 'cpu', 'batch_size': 2, 'image_size': 256, 'seed': 42, 'skip_tests': ''}
2026-03-06 15:30:14 | INFO     | MSSP.validation | Loading mock data...
2026-03-06 15:30:14 | INFO     | MSSP.validation | Mock mode: generating 8 random images per category
2026-03-06 15:30:14 | INFO     | MSSP.validation | Data loaded: 4 categories, {'Real': 8, 'ProGAN': 8, 'SD_v1.5': 8, 'Wukong': 8}
2026-03-06 15:30:14 | INFO     | MSSP.validation | Initialising MSSPBackbone (mock=True)...
2026-03-06 15:30:14 | INFO     | MSSP.validation | Feature extractor: dim=185
2026-03-06 15:30:14 | INFO     | MSSP.validation | Extracting 185D MSSP features...
2026-03-06 15:30:14 | INFO     | MSSP.validation | Extracting features for 'ProGAN' (8 images)...
2026-03-06 15:30:19 | INFO     | MSSP.validation |   Done: 8 images in 4.2s (1.89 img/s)
2026-03-06 15:30:19 | INFO     | MSSP.validation | Extracting features for 'Real' (8 images)...
2026-03-06 15:30:24 | INFO     | MSSP.validation |   Done: 8 images in 5.1s (1.58 img/s)
2026-03-06 15:30:24 | INFO     | MSSP.validation | Extracting features for 'SD_v1.5' (8 images)...
2026-03-06 15:30:30 | INFO     | MSSP.validation |   Done: 8 images in 5.9s (1.35 img/s)
2026-03-06 15:30:30 | INFO     | MSSP.validation | Extracting features for 'Wukong' (8 images)...
2026-03-06 15:30:34 | INFO     | MSSP.validation |   Done: 8 images in 4.7s (1.70 img/s)
2026-03-06 15:30:34 | INFO     | MSSP.validation | Features cached: ./results/step_b_mock/mssp_features.npz (shape=(32, 185))
2026-03-06 15:30:34 | INFO     | MSSP.validation | Extracting raw residuals for PSD analysis...
2026-03-06 15:30:34 | INFO     | MSSP.validation | Extracting residuals for 'Real' (8 images)...
2026-03-06 15:30:35 | INFO     | MSSP.validation | Extracting residuals for 'ProGAN' (8 images)...
2026-03-06 15:30:35 | INFO     | MSSP.validation | Extracting residuals for 'SD_v1.5' (8 images)...
2026-03-06 15:30:35 | INFO     | MSSP.validation | Extracting residuals for 'Wukong' (8 images)...
2026-03-06 15:30:36 | INFO     | MSSP.validation | === Test 1: GAN High-Frequency PSD (t=200) ===
2026-03-06 15:30:36 | INFO     | MSSP.validation |   Real: mean high-freq power = 11.6085 ± 0.0025
2026-03-06 15:30:36 | INFO     | MSSP.validation |   ProGAN: mean high-freq power = 11.6083 ± 0.0037
2026-03-06 15:30:36 | INFO     | MSSP.validation |   SD_v1.5: mean high-freq power = 11.6081 ± 0.0024
2026-03-06 15:30:36 | INFO     | MSSP.validation |   Wukong: mean high-freq power = 11.6082 ± 0.0042
2026-03-06 15:30:36 | INFO     | MSSP.validation |   ProGAN/Real high-freq ratio = 1.000 (threshold > 2.0) → FAIL
2026-03-06 15:30:36 | INFO     | MSSP.validation |   Saved: ./results/step_b_mock/test1_gan_hf_psd.png
2026-03-06 15:30:36 | INFO     | MSSP.validation | === Test 2: SD VAE 8px Artifact (t=400, t=600) ===
2026-03-06 15:30:36 | INFO     | MSSP.validation |   VAE artifact band: f ∈ [0.1250, 0.1875] (band index 2/8)
2026-03-06 15:30:37 | INFO     | MSSP.validation |   t=400: SD mean=11.7265, Real mean=11.7267, z-score=-0.021 (threshold > 2.0) → FAIL
2026-03-06 15:30:37 | INFO     | MSSP.validation |   t=600: SD mean=11.7853, Real mean=11.7845, z-score=0.030 (threshold > 2.0) → FAIL
2026-03-06 15:30:37 | INFO     | MSSP.validation |   Saved: ./results/step_b_mock/test2_vae_artifact.png
2026-03-06 15:30:37 | INFO     | MSSP.validation | === Test 3: k-NN Classification (k=5, 5-fold CV) ===
2026-03-06 15:30:37 | INFO     | MSSP.validation |   Fold 1/5: accuracy = 14.3%
2026-03-06 15:30:37 | INFO     | MSSP.validation |   Fold 2/5: accuracy = 14.3%
2026-03-06 15:30:37 | INFO     | MSSP.validation |   Fold 3/5: accuracy = 0.0%
2026-03-06 15:30:37 | INFO     | MSSP.validation |   Fold 4/5: accuracy = 16.7%
2026-03-06 15:30:38 | INFO     | MSSP.validation |   Fold 5/5: accuracy = 16.7%
2026-03-06 15:30:38 | INFO     | MSSP.validation |   Overall: 12.4% ± 6.3% (threshold ≥ 84%) → FAIL
2026-03-06 15:30:38 | INFO     | MSSP.validation |   DRIFT baseline (step_a Test5): 84.0% ± 3.6%
2026-03-06 15:30:38 | INFO     | MSSP.validation |   Saved: ./results/step_b_mock/test3_knn_accuracy.png
2026-03-06 15:30:38 | INFO     | MSSP.validation | === Test 4: Multi-Scale PSD Visualization ===
2026-03-06 15:30:42 | INFO     | MSSP.validation |   Saved: ./results/step_b_mock/test4_multiscale_psd.png
2026-03-06 15:30:42 | INFO     | MSSP.validation | Report saved: ./results/step_b_mock/step_b_report.txt
2026-03-06 15:30:42 | INFO     | MSSP.validation | JSON results: ./results/step_b_mock/step_b_results.json
2026-03-06 15:30:42 | INFO     | MSSP.validation | Total time: 27.5s
